<?xml version="1.0" encoding="UTF-8"?>
<!-- Generated by org.testng.reporters.JUnitXMLReporter -->
<testsuite ignored="0" hostname="DESKTOP-NUU7I0H" failures="2" tests="2" name="Command line test" time="0.033" errors="0" timestamp="28 jul 2018 13:35:50 GMT">
  <testcase classname="tests.CommonSteps" name="@BeforeTest beforeTest" time="0.0">
    <failure type="org.testng.TestNGException" message="
Parameter &amp;apos;browser&amp;apos; is required by BeforeTest on method beforeTest but has not been marked @Optional or defined
">
      <![CDATA[org.testng.TestNGException: 
Parameter 'browser' is required by BeforeTest on method beforeTest but has not been marked @Optional or defined

... Removed 29 stack frames]]>
    </failure>
  </testcase> <!-- @BeforeTest beforeTest -->
  <testcase classname="tests.TestLogin" name="@BeforeClass beforeThisClass" time="0.0">
    <skipped/>
  </testcase> <!-- @BeforeClass beforeThisClass -->
  <testcase classname="tests.CommonSteps" name="@AfterTest afterTest" time="0.0">
    <skipped/>
  </testcase> <!-- @AfterTest afterTest -->
  <testcase classname="tests.TestLogin" name="verifyValidLogin" time="0.0">
    <failure type="org.testng.TestNGException" message="
Parameter &amp;apos;loginEmail&amp;apos; is required by @Test on method verifyValidLogin but has not been marked @Optional or defined
">
      <![CDATA[org.testng.TestNGException: 
Parameter 'loginEmail' is required by @Test on method verifyValidLogin but has not been marked @Optional or defined

... Removed 32 stack frames]]>
    </failure>
  </testcase> <!-- verifyValidLogin -->
  <testcase classname="tests.TestLogin" name="verifyValidLogin2" time="0.0">
    <failure type="org.testng.TestNGException" message="
Parameter &amp;apos;loginEmail&amp;apos; is required by @Test on method verifyValidLogin2 but has not been marked @Optional or defined
">
      <![CDATA[org.testng.TestNGException: 
Parameter 'loginEmail' is required by @Test on method verifyValidLogin2 but has not been marked @Optional or defined

... Removed 32 stack frames]]>
    </failure>
  </testcase> <!-- verifyValidLogin2 -->
</testsuite> <!-- Command line test -->
